[2024-09-08 20:39:55,703: INFO: common: yaml file: config\config.yaml loaded successfully]
[2024-09-08 20:39:55,706: INFO: common: yaml file: params.yaml loaded successfully]
[2024-09-08 20:39:55,713: INFO: common: yaml file: schema.yaml loaded successfully]
[2024-09-08 20:39:55,715: INFO: common: created directory at: artifacts]
[2024-09-08 20:39:55,717: INFO: common: created directory at: artifacts/data_ingestion]
[2024-09-08 20:39:55,718: INFO: 2461142721: Ingestion of the data is completed]
[2024-09-09 07:24:50,136: INFO: common: yaml file: config\config.yaml loaded successfully]
[2024-09-09 07:24:50,139: INFO: common: yaml file: params.yaml loaded successfully]
[2024-09-09 07:24:50,157: INFO: common: yaml file: schema.yaml loaded successfully]
[2024-09-09 07:24:50,159: INFO: common: created directory at: artifacts]
[2024-09-09 07:24:50,161: INFO: common: created directory at: artifacts/data_transformation]
[2024-09-09 07:26:44,064: INFO: common: yaml file: config\config.yaml loaded successfully]
[2024-09-09 07:26:44,068: INFO: common: yaml file: params.yaml loaded successfully]
[2024-09-09 07:26:44,073: INFO: common: yaml file: schema.yaml loaded successfully]
[2024-09-09 07:26:44,075: INFO: common: created directory at: artifacts]
[2024-09-09 07:26:44,077: INFO: common: created directory at: artifacts/data_transformation]
[2024-09-09 07:29:23,650: INFO: common: yaml file: config\config.yaml loaded successfully]
[2024-09-09 07:29:23,654: INFO: common: yaml file: params.yaml loaded successfully]
[2024-09-09 07:29:23,662: INFO: common: yaml file: schema.yaml loaded successfully]
[2024-09-09 07:29:23,665: INFO: common: created directory at: artifacts]
[2024-09-09 07:29:23,668: INFO: common: created directory at: artifacts/data_transformation]
[2024-09-09 07:29:56,190: INFO: common: yaml file: config\config.yaml loaded successfully]
[2024-09-09 07:29:56,196: INFO: common: yaml file: params.yaml loaded successfully]
[2024-09-09 07:29:56,204: INFO: common: yaml file: schema.yaml loaded successfully]
[2024-09-09 07:29:56,206: INFO: common: created directory at: artifacts]
[2024-09-09 07:29:56,208: INFO: common: created directory at: artifacts/data_transformation]
[2024-09-09 07:30:25,503: INFO: common: yaml file: config\config.yaml loaded successfully]
[2024-09-09 07:30:25,510: INFO: common: yaml file: params.yaml loaded successfully]
[2024-09-09 07:30:25,518: INFO: common: yaml file: schema.yaml loaded successfully]
[2024-09-09 07:30:25,521: INFO: common: created directory at: artifacts]
[2024-09-09 07:30:25,523: INFO: common: created directory at: artifacts/data_transformation]
[2024-09-09 07:31:12,439: INFO: common: yaml file: config\config.yaml loaded successfully]
[2024-09-09 07:31:12,443: INFO: common: yaml file: params.yaml loaded successfully]
[2024-09-09 07:31:12,447: INFO: common: yaml file: schema.yaml loaded successfully]
[2024-09-09 07:31:12,449: INFO: common: created directory at: artifacts]
[2024-09-09 07:31:12,451: INFO: common: created directory at: artifacts/data_transformation]
[2024-09-09 07:33:16,850: INFO: common: yaml file: config\config.yaml loaded successfully]
[2024-09-09 07:33:16,852: INFO: common: yaml file: params.yaml loaded successfully]
[2024-09-09 07:33:16,858: INFO: common: yaml file: schema.yaml loaded successfully]
[2024-09-09 07:33:16,859: INFO: common: created directory at: artifacts]
[2024-09-09 07:33:16,861: INFO: common: created directory at: artifacts/data_transformation]
[2024-09-09 07:34:23,413: INFO: common: yaml file: config\config.yaml loaded successfully]
[2024-09-09 07:34:23,417: INFO: common: yaml file: params.yaml loaded successfully]
[2024-09-09 07:34:23,422: INFO: common: yaml file: schema.yaml loaded successfully]
[2024-09-09 07:34:23,424: INFO: common: created directory at: artifacts]
[2024-09-09 07:34:23,426: INFO: common: created directory at: artifacts/data_transformation]
[2024-09-09 07:34:24,161: INFO: 3203645940: Data Splitting is completed]
[2024-09-09 07:34:24,162: INFO: 3203645940: (54284, 8)]
[2024-09-09 07:34:24,162: INFO: 3203645940: (13572, 8)]
[2024-09-09 07:44:01,735: INFO: common: yaml file: config\config.yaml loaded successfully]
[2024-09-09 07:44:01,740: INFO: common: yaml file: params.yaml loaded successfully]
[2024-09-09 07:44:01,750: INFO: common: yaml file: schema.yaml loaded successfully]
[2024-09-09 07:44:01,753: INFO: common: created directory at: artifacts]
[2024-09-09 07:44:01,755: INFO: common: created directory at: artifacts/data_transformation]
[2024-09-09 07:44:23,479: INFO: common: yaml file: config\config.yaml loaded successfully]
[2024-09-09 07:44:23,482: INFO: common: yaml file: params.yaml loaded successfully]
[2024-09-09 07:44:23,487: INFO: common: yaml file: schema.yaml loaded successfully]
[2024-09-09 07:44:23,489: INFO: common: created directory at: artifacts]
[2024-09-09 07:44:23,490: INFO: common: created directory at: artifacts/data_transformation]
[2024-09-09 07:44:24,398: INFO: 1085446271: Data Splitting is completed]
[2024-09-09 07:44:24,399: INFO: 1085446271: (54284, 8)]
[2024-09-09 07:44:24,400: INFO: 1085446271: (13572, 8)]
[2024-09-09 08:33:59,528: INFO: common: yaml file: config\config.yaml loaded successfully]
[2024-09-09 08:33:59,531: INFO: common: yaml file: params.yaml loaded successfully]
[2024-09-09 08:33:59,545: INFO: common: yaml file: schema.yaml loaded successfully]
[2024-09-09 08:33:59,547: INFO: common: created directory at: artifacts]
[2024-09-09 08:33:59,550: INFO: common: created directory at: artifacts/data_transformation]
[2024-09-09 08:35:32,223: INFO: common: yaml file: config\config.yaml loaded successfully]
[2024-09-09 08:35:32,228: INFO: common: yaml file: params.yaml loaded successfully]
[2024-09-09 08:35:32,239: INFO: common: yaml file: schema.yaml loaded successfully]
[2024-09-09 08:35:32,243: INFO: common: created directory at: artifacts]
[2024-09-09 08:35:32,246: INFO: common: created directory at: artifacts/data_transformation]
[2024-09-09 08:37:07,102: INFO: common: yaml file: config\config.yaml loaded successfully]
[2024-09-09 08:37:07,106: INFO: common: yaml file: params.yaml loaded successfully]
[2024-09-09 08:37:07,114: INFO: common: yaml file: schema.yaml loaded successfully]
[2024-09-09 08:37:07,117: INFO: common: created directory at: artifacts]
[2024-09-09 08:37:07,118: INFO: common: created directory at: artifacts/data_transformation]
[2024-09-09 08:37:23,392: INFO: common: yaml file: config\config.yaml loaded successfully]
[2024-09-09 08:37:23,397: INFO: common: yaml file: params.yaml loaded successfully]
[2024-09-09 08:37:23,407: INFO: common: yaml file: schema.yaml loaded successfully]
[2024-09-09 08:37:23,409: INFO: common: created directory at: artifacts]
[2024-09-09 08:37:23,411: INFO: common: created directory at: artifacts/data_transformation]
[2024-09-09 08:38:59,170: INFO: common: yaml file: config\config.yaml loaded successfully]
[2024-09-09 08:38:59,174: INFO: common: yaml file: params.yaml loaded successfully]
[2024-09-09 08:38:59,180: INFO: common: yaml file: schema.yaml loaded successfully]
[2024-09-09 08:38:59,183: INFO: common: created directory at: artifacts]
[2024-09-09 08:38:59,184: INFO: common: created directory at: artifacts/data_transformation]
[2024-09-09 08:40:32,028: INFO: common: yaml file: config\config.yaml loaded successfully]
[2024-09-09 08:40:32,031: INFO: common: yaml file: params.yaml loaded successfully]
[2024-09-09 08:40:32,038: INFO: common: yaml file: schema.yaml loaded successfully]
[2024-09-09 08:40:32,040: INFO: common: created directory at: artifacts]
[2024-09-09 08:40:32,042: INFO: common: created directory at: artifacts/data_transformation]
[2024-09-09 08:40:59,469: INFO: common: yaml file: config\config.yaml loaded successfully]
[2024-09-09 08:40:59,474: INFO: common: yaml file: params.yaml loaded successfully]
[2024-09-09 08:40:59,482: INFO: common: yaml file: schema.yaml loaded successfully]
[2024-09-09 08:40:59,486: INFO: common: created directory at: artifacts]
[2024-09-09 08:40:59,488: INFO: common: created directory at: artifacts/data_transformation]
[2024-09-09 08:41:16,166: INFO: common: yaml file: config\config.yaml loaded successfully]
[2024-09-09 08:41:16,170: INFO: common: yaml file: params.yaml loaded successfully]
[2024-09-09 08:41:16,176: INFO: common: yaml file: schema.yaml loaded successfully]
[2024-09-09 08:41:16,177: INFO: common: created directory at: artifacts]
[2024-09-09 08:41:16,179: INFO: common: created directory at: artifacts/data_transformation]
[2024-09-09 08:44:58,357: INFO: common: yaml file: config\config.yaml loaded successfully]
[2024-09-09 08:44:58,361: INFO: common: yaml file: params.yaml loaded successfully]
[2024-09-09 08:44:58,369: INFO: common: yaml file: schema.yaml loaded successfully]
[2024-09-09 08:44:58,371: INFO: common: created directory at: artifacts]
[2024-09-09 08:44:58,373: INFO: common: created directory at: artifacts/data_transformation]
[2024-09-09 08:45:31,593: INFO: common: yaml file: config\config.yaml loaded successfully]
[2024-09-09 08:45:31,598: INFO: common: yaml file: params.yaml loaded successfully]
[2024-09-09 08:45:31,606: INFO: common: yaml file: schema.yaml loaded successfully]
[2024-09-09 08:45:31,609: INFO: common: created directory at: artifacts]
[2024-09-09 08:45:31,611: INFO: common: created directory at: artifacts/data_transformation]
[2024-09-09 08:47:25,580: INFO: common: yaml file: config\config.yaml loaded successfully]
[2024-09-09 08:47:25,583: INFO: common: yaml file: params.yaml loaded successfully]
[2024-09-09 08:47:25,589: INFO: common: yaml file: schema.yaml loaded successfully]
[2024-09-09 08:47:25,591: INFO: common: created directory at: artifacts]
[2024-09-09 08:47:25,593: INFO: common: created directory at: artifacts/data_transformation]
[2024-09-09 08:47:27,116: INFO: 3605925476: Data Splitting is completed]
[2024-09-09 08:48:46,840: INFO: common: yaml file: config\config.yaml loaded successfully]
[2024-09-09 08:48:46,847: INFO: common: yaml file: params.yaml loaded successfully]
[2024-09-09 08:48:46,861: INFO: common: yaml file: schema.yaml loaded successfully]
[2024-09-09 08:48:46,865: INFO: common: created directory at: artifacts]
[2024-09-09 08:48:46,868: INFO: common: created directory at: artifacts/data_transformation]
[2024-09-09 08:49:13,258: INFO: common: yaml file: config\config.yaml loaded successfully]
[2024-09-09 08:49:13,261: INFO: common: yaml file: params.yaml loaded successfully]
[2024-09-09 08:49:13,267: INFO: common: yaml file: schema.yaml loaded successfully]
[2024-09-09 08:49:13,269: INFO: common: created directory at: artifacts]
[2024-09-09 08:49:13,270: INFO: common: created directory at: artifacts/data_transformation]
[2024-09-09 08:49:15,012: INFO: 372181452: Data Splitting is completed]
[2024-09-09 08:49:15,013: INFO: 372181452: (14276, 5)]
[2024-09-09 08:49:40,862: INFO: common: yaml file: config\config.yaml loaded successfully]
[2024-09-09 08:49:40,866: INFO: common: yaml file: params.yaml loaded successfully]
[2024-09-09 08:49:40,875: INFO: common: yaml file: schema.yaml loaded successfully]
[2024-09-09 08:49:40,877: INFO: common: created directory at: artifacts]
[2024-09-09 08:49:40,879: INFO: common: created directory at: artifacts/data_transformation]
[2024-09-09 08:49:53,199: INFO: common: yaml file: config\config.yaml loaded successfully]
[2024-09-09 08:49:53,205: INFO: common: yaml file: params.yaml loaded successfully]
[2024-09-09 08:49:53,211: INFO: common: yaml file: schema.yaml loaded successfully]
[2024-09-09 08:49:53,213: INFO: common: created directory at: artifacts]
[2024-09-09 08:49:53,214: INFO: common: created directory at: artifacts/data_transformation]
[2024-09-09 08:49:54,892: INFO: 2436082419: Data Splitting is completed]
[2024-09-09 08:49:54,894: INFO: 2436082419: (14276, 5)]
[2024-09-09 09:04:01,447: INFO: common: yaml file: config\config.yaml loaded successfully]
[2024-09-09 09:04:01,453: INFO: common: yaml file: params.yaml loaded successfully]
[2024-09-09 09:04:01,464: INFO: common: yaml file: schema.yaml loaded successfully]
[2024-09-09 09:04:01,467: INFO: common: created directory at: artifacts]
[2024-09-09 09:04:01,470: INFO: common: created directory at: artifacts/data_transformation]
[2024-09-09 09:04:03,321: INFO: 4256428764: Data Splitting is completed]
[2024-09-09 09:04:03,322: INFO: 4256428764: (14276, 5)]
[2024-09-09 09:06:02,682: INFO: common: yaml file: config\config.yaml loaded successfully]
[2024-09-09 09:06:02,687: INFO: common: yaml file: params.yaml loaded successfully]
[2024-09-09 09:06:02,704: INFO: common: yaml file: schema.yaml loaded successfully]
[2024-09-09 09:06:02,708: INFO: common: created directory at: artifacts]
[2024-09-09 09:06:02,712: INFO: common: created directory at: artifacts/data_transformation]
[2024-09-09 09:06:41,208: INFO: common: yaml file: config\config.yaml loaded successfully]
[2024-09-09 09:06:41,212: INFO: common: yaml file: params.yaml loaded successfully]
[2024-09-09 09:06:41,222: INFO: common: yaml file: schema.yaml loaded successfully]
[2024-09-09 09:06:41,224: INFO: common: created directory at: artifacts]
[2024-09-09 09:06:41,227: INFO: common: created directory at: artifacts/data_transformation]
[2024-09-09 09:07:10,016: INFO: common: yaml file: config\config.yaml loaded successfully]
[2024-09-09 09:07:10,019: INFO: common: yaml file: params.yaml loaded successfully]
[2024-09-09 09:07:10,026: INFO: common: yaml file: schema.yaml loaded successfully]
[2024-09-09 09:07:10,029: INFO: common: created directory at: artifacts]
[2024-09-09 09:07:10,030: INFO: common: created directory at: artifacts/data_transformation]
[2024-09-09 09:07:33,788: INFO: common: yaml file: config\config.yaml loaded successfully]
[2024-09-09 09:07:33,793: INFO: common: yaml file: params.yaml loaded successfully]
[2024-09-09 09:07:33,802: INFO: common: yaml file: schema.yaml loaded successfully]
[2024-09-09 09:07:33,805: INFO: common: created directory at: artifacts]
[2024-09-09 09:07:33,807: INFO: common: created directory at: artifacts/data_transformation]
[2024-09-09 09:09:23,048: INFO: common: yaml file: config\config.yaml loaded successfully]
[2024-09-09 09:09:23,050: INFO: common: yaml file: params.yaml loaded successfully]
[2024-09-09 09:09:23,056: INFO: common: yaml file: schema.yaml loaded successfully]
[2024-09-09 09:09:23,058: INFO: common: created directory at: artifacts]
[2024-09-09 09:09:23,060: INFO: common: created directory at: artifacts/data_transformation]
[2024-09-09 09:12:39,747: INFO: common: yaml file: config\config.yaml loaded successfully]
[2024-09-09 09:12:39,751: INFO: common: yaml file: params.yaml loaded successfully]
[2024-09-09 09:12:39,757: INFO: common: yaml file: schema.yaml loaded successfully]
[2024-09-09 09:12:39,759: INFO: common: created directory at: artifacts]
[2024-09-09 09:12:39,760: INFO: common: created directory at: artifacts/data_transformation]
[2024-09-09 09:13:17,132: INFO: common: yaml file: config\config.yaml loaded successfully]
[2024-09-09 09:13:17,136: INFO: common: yaml file: params.yaml loaded successfully]
[2024-09-09 09:13:17,146: INFO: common: yaml file: schema.yaml loaded successfully]
[2024-09-09 09:13:17,148: INFO: common: created directory at: artifacts]
[2024-09-09 09:13:17,151: INFO: common: created directory at: artifacts/data_transformation]
[2024-09-09 09:13:45,120: INFO: common: yaml file: config\config.yaml loaded successfully]
[2024-09-09 09:13:45,123: INFO: common: yaml file: params.yaml loaded successfully]
[2024-09-09 09:13:45,129: INFO: common: yaml file: schema.yaml loaded successfully]
[2024-09-09 09:13:45,130: INFO: common: created directory at: artifacts]
[2024-09-09 09:13:45,132: INFO: common: created directory at: artifacts/data_transformation]
[2024-09-09 09:14:12,756: INFO: common: yaml file: config\config.yaml loaded successfully]
[2024-09-09 09:14:12,760: INFO: common: yaml file: params.yaml loaded successfully]
[2024-09-09 09:14:12,765: INFO: common: yaml file: schema.yaml loaded successfully]
[2024-09-09 09:14:12,767: INFO: common: created directory at: artifacts]
[2024-09-09 09:14:12,769: INFO: common: created directory at: artifacts/data_transformation]
[2024-09-09 09:15:03,715: INFO: common: yaml file: config\config.yaml loaded successfully]
[2024-09-09 09:15:03,718: INFO: common: yaml file: params.yaml loaded successfully]
[2024-09-09 09:15:03,726: INFO: common: yaml file: schema.yaml loaded successfully]
[2024-09-09 09:15:03,728: INFO: common: created directory at: artifacts]
[2024-09-09 09:15:03,729: INFO: common: created directory at: artifacts/data_transformation]
[2024-09-09 09:15:05,756: INFO: 2569866895: Data Splitting is completed]
[2024-09-09 09:15:05,760: INFO: 2569866895: (14276, 5)]
[2024-09-09 09:15:30,679: INFO: common: yaml file: config\config.yaml loaded successfully]
[2024-09-09 09:15:30,686: INFO: common: yaml file: params.yaml loaded successfully]
[2024-09-09 09:15:30,696: INFO: common: yaml file: schema.yaml loaded successfully]
[2024-09-09 09:15:30,699: INFO: common: created directory at: artifacts]
[2024-09-09 09:15:30,703: INFO: common: created directory at: artifacts/data_transformation]
[2024-09-09 09:15:32,835: INFO: 79034867: Data Splitting is completed]
[2024-09-09 09:15:32,837: INFO: 79034867: (14276, 5)]
[2024-09-09 09:16:09,819: INFO: common: yaml file: config\config.yaml loaded successfully]
[2024-09-09 09:16:09,825: INFO: common: yaml file: params.yaml loaded successfully]
[2024-09-09 09:16:09,835: INFO: common: yaml file: schema.yaml loaded successfully]
[2024-09-09 09:16:09,838: INFO: common: created directory at: artifacts]
[2024-09-09 09:16:09,840: INFO: common: created directory at: artifacts/data_transformation]
[2024-09-09 09:16:11,986: INFO: 1073809051: Data Splitting is completed]
[2024-09-09 09:16:11,987: INFO: 1073809051: (14276, 5)]
[2024-09-09 09:16:25,932: INFO: common: yaml file: config\config.yaml loaded successfully]
[2024-09-09 09:16:25,937: INFO: common: yaml file: params.yaml loaded successfully]
[2024-09-09 09:16:25,949: INFO: common: yaml file: schema.yaml loaded successfully]
[2024-09-09 09:16:25,952: INFO: common: created directory at: artifacts]
[2024-09-09 09:16:25,955: INFO: common: created directory at: artifacts/data_transformation]
[2024-09-09 09:16:28,167: INFO: 4192818815: Data Splitting is completed]
[2024-09-09 09:16:28,168: INFO: 4192818815: (14276, 5)]
